Using pre-set license

 COMMAND LINE ARGUMENTS:
/Applications/Unity/Hub/Editor/2020.2.4f1/Unity.app/Contents/MacOS/Unity
-adb2
-batchMode
-noUpm
-name
AssetImportWorker0
-projectPath
/Users/kristiyanstoyanov/Desktop/Unity Projects/learnFootball-game/learnfootball-game/LearnFootball
-logFile
Logs/AssetImportWorker0.log
-srvPort
49214
Successfully changed project path to: /Users/kristiyanstoyanov/Desktop/Unity Projects/learnFootball-game/learnfootball-game/LearnFootball
/Users/kristiyanstoyanov/Desktop/Unity Projects/learnFootball-game/learnfootball-game/LearnFootball
Using Asset Import Pipeline V2.
Refreshing native plugins compatible for Editor in 27.99 ms, found 1 plugins.
Preloading 0 native plugins for Editor in 0.00 ms.
Initialize engine version: 2020.2.4f1 (becced5a802b)
[Subsystems] Discovering subsystems at path /Applications/Unity/Hub/Editor/2020.2.4f1/Unity.app/Contents/Resources/UnitySubsystems
[Subsystems] Discovering subsystems at path /Users/kristiyanstoyanov/Desktop/Unity Projects/learnFootball-game/learnfootball-game/LearnFootball/Assets
GfxDevice: creating device client; threaded=0
2021-02-17 09:59:35.494 Unity[1346:36720] Color LCD preferred device: Intel(R) Iris(TM) Plus Graphics (low power)
2021-02-17 09:59:35.494 Unity[1346:36720] Metal devices available: 1
2021-02-17 09:59:35.494 Unity[1346:36720] 0: Intel(R) Iris(TM) Plus Graphics (low power)
2021-02-17 09:59:35.495 Unity[1346:36720] Using device Intel(R) Iris(TM) Plus Graphics (low power)
Initializing Metal device caps: Intel(R) Iris(TM) Plus Graphics
Shader 'Galactic Sudios/Ultra Emissive Particles': fallback shader 'ParticleAdditive' not found
Initialize mono
Mono path[0] = '/Applications/Unity/Hub/Editor/2020.2.4f1/Unity.app/Contents/Managed'
Mono path[1] = '/Applications/Unity/Hub/Editor/2020.2.4f1/Unity.app/Contents/MonoBleedingEdge/lib/mono/unityjit'
Mono config path = '/Applications/Unity/Hub/Editor/2020.2.4f1/Unity.app/Contents/MonoBleedingEdge/etc'
Using monoOptions --debugger-agent=transport=dt_socket,embedding=1,server=y,suspend=n,address=127.0.0.1:56346
Begin MonoManager ReloadAssembly
Registering precompiled unity dll's ...
Register platform support module: /Applications/Unity/Hub/Editor/2020.2.4f1/PlaybackEngines/WebGLSupport/UnityEditor.WebGL.Extensions.dll
Register platform support module: /Applications/Unity/Hub/Editor/2020.2.4f1/Unity.app/Contents/PlaybackEngines/MacStandaloneSupport/UnityEditor.OSXStandalone.Extensions.dll
Register platform support module: /Applications/Unity/Hub/Editor/2020.2.4f1/PlaybackEngines/WindowsStandaloneSupport/UnityEditor.WindowsStandalone.Extensions.dll
Register platform support module: /Applications/Unity/Hub/Editor/2020.2.4f1/PlaybackEngines/LinuxStandaloneSupport/UnityEditor.LinuxStandalone.Extensions.dll
Register platform support module: /Applications/Unity/Hub/Editor/2020.2.4f1/PlaybackEngines/LuminSupport/UnityEditor.Lumin.Extensions.dll
Registered in 0.001036 seconds.
Native extension for Lumin target not found
Native extension for LinuxStandalone target not found
Native extension for WindowsStandalone target not found
Native extension for OSXStandalone target not found
Native extension for WebGL target not found
Refreshing native plugins compatible for Editor in 23.87 ms, found 1 plugins.
Preloading 0 native plugins for Editor in 0.00 ms.
Invoked RoslynAnalysisRunner static constructor.
RoslynAnalysisRunner will not be running.
RoslynAnalysisRunner has terminated.
Mono: successfully reloaded assembly
- Completed reload, in  2.688 seconds
Platform modules already initialized, skipping
Registering precompiled user dll's ...
Registered in 0.000375 seconds.
Begin MonoManager ReloadAssembly
Native extension for Lumin target not found
Native extension for LinuxStandalone target not found
Native extension for WindowsStandalone target not found
Native extension for OSXStandalone target not found
Native extension for WebGL target not found
Refreshing native plugins compatible for Editor in 0.33 ms, found 1 plugins.
Preloading 0 native plugins for Editor in 0.00 ms.
Invoked RoslynAnalysisRunner static constructor.
RoslynAnalysisRunner will not be running.
RoslynAnalysisRunner has terminated.
Mono: successfully reloaded assembly
- Completed reload, in  0.873 seconds
Platform modules already initialized, skipping
========================================================================
Worker process is ready to serve import requests
Shader 'Galactic Sudios/Ultra Emissive Particles': fallback shader 'ParticleAdditive' not found
Launching external process: /Applications/Unity/Hub/Editor/2020.2.4f1/Unity.app/Contents/Tools/UnityShaderCompiler
Launched and connected shader compiler UnityShaderCompiler after 0.01 seconds
Refreshing native plugins compatible for Editor in 0.24 ms, found 1 plugins.
Preloading 0 native plugins for Editor in 0.00 ms.
Unloading 1259 Unused Serialized files (Serialized files now loaded: 0)
System memory in use before: 126.7 MB.
System memory in use after: 126.8 MB.

Unloading 10 unused Assets to reduce memory usage. Loaded Objects now: 1704.
Total: 2.163716 ms (FindLiveObjects: 0.188231 ms CreateObjectMapping: 0.092359 ms MarkObjects: 1.778216 ms  DeleteObjects: 0.102922 ms)

========================================================================
Received Prepare
Shader 'Galactic Sudios/Ultra Emissive Particles': fallback shader 'ParticleAdditive' not found
Refreshing native plugins compatible for Editor in 0.52 ms, found 1 plugins.
Preloading 0 native plugins for Editor in 0.00 ms.
Unloading 3 Unused Serialized files (Serialized files now loaded: 0)
System memory in use before: 100.3 MB.
System memory in use after: 100.4 MB.

Unloading 2 unused Assets to reduce memory usage. Loaded Objects now: 1704.
Total: 1.833631 ms (FindLiveObjects: 0.209264 ms CreateObjectMapping: 0.038396 ms MarkObjects: 1.569445 ms  DeleteObjects: 0.015540 ms)

========================================================================
Received Import Request.
  path: Assets/Scenes/Stadium.unity
  artifactKey: Guid(9fc0d4010bbf28b4594072e72b8655ab) Importer(815301076,1909f56bfc062723c751e8b465ee728b)
Start importing Assets/Scenes/Stadium.unity using Guid(9fc0d4010bbf28b4594072e72b8655ab) Importer(815301076,1909f56bfc062723c751e8b465ee728b)  -> (artifact id: '8c822bc96d0a0dd86bffa47b4b8d4ff1') in 0.012639 seconds
  Import took 0.015425 seconds .

========================================================================
Received Import Request.
  Time since last request: 0.012581 seconds.
  path: Assets/Scenes/Stadium.unity
  artifactKey: Guid(9fc0d4010bbf28b4594072e72b8655ab) Importer(815301076,1909f56bfc062723c751e8b465ee728b)
Start importing Assets/Scenes/Stadium.unity using Guid(9fc0d4010bbf28b4594072e72b8655ab) Importer(815301076,1909f56bfc062723c751e8b465ee728b)  -> (artifact id: '8c822bc96d0a0dd86bffa47b4b8d4ff1') in 0.001570 seconds
  Import took 0.004490 seconds .

========================================================================
Received Prepare
Shader 'Galactic Sudios/Ultra Emissive Particles': fallback shader 'ParticleAdditive' not found
Refreshing native plugins compatible for Editor in 0.48 ms, found 1 plugins.
Preloading 0 native plugins for Editor in 0.00 ms.
Unloading 3 Unused Serialized files (Serialized files now loaded: 0)
System memory in use before: 100.5 MB.
System memory in use after: 100.6 MB.

Unloading 2 unused Assets to reduce memory usage. Loaded Objects now: 1704.
Total: 2.064436 ms (FindLiveObjects: 0.162304 ms CreateObjectMapping: 0.044312 ms MarkObjects: 1.804452 ms  DeleteObjects: 0.051488 ms)

========================================================================
Received Import Request.
  Time since last request: 40.546903 seconds.
  path: Assets/Scenes/MainMenu.unity
  artifactKey: Guid(90dcc4af5da9842f1a4b77ee44bc618f) Importer(815301076,1909f56bfc062723c751e8b465ee728b)
Start importing Assets/Scenes/MainMenu.unity using Guid(90dcc4af5da9842f1a4b77ee44bc618f) Importer(815301076,1909f56bfc062723c751e8b465ee728b)  -> (artifact id: '129d779e7e5122d49af08d20095a3e63') in 0.002366 seconds
  Import took 0.005948 seconds .

========================================================================
Received Import Request.
  Time since last request: 0.000576 seconds.
  path: Assets/Scenes/MainMenu.unity
  artifactKey: Guid(90dcc4af5da9842f1a4b77ee44bc618f) Importer(815301076,1909f56bfc062723c751e8b465ee728b)
Start importing Assets/Scenes/MainMenu.unity using Guid(90dcc4af5da9842f1a4b77ee44bc618f) Importer(815301076,1909f56bfc062723c751e8b465ee728b)  -> (artifact id: '129d779e7e5122d49af08d20095a3e63') in 0.001702 seconds
  Import took 0.004501 seconds .

========================================================================
Received Prepare
Shader 'Galactic Sudios/Ultra Emissive Particles': fallback shader 'ParticleAdditive' not found
Refreshing native plugins compatible for Editor in 0.51 ms, found 1 plugins.
Preloading 0 native plugins for Editor in 0.00 ms.
Unloading 3 Unused Serialized files (Serialized files now loaded: 0)
System memory in use before: 100.5 MB.
System memory in use after: 100.6 MB.

Unloading 2 unused Assets to reduce memory usage. Loaded Objects now: 1704.
Total: 2.255120 ms (FindLiveObjects: 0.198409 ms CreateObjectMapping: 0.065370 ms MarkObjects: 1.966315 ms  DeleteObjects: 0.022502 ms)

========================================================================
Received Import Request.
  Time since last request: 71.533622 seconds.
  path: Assets/Scenes/LockerRoom.unity
  artifactKey: Guid(f905c7f9ca4f34ab5ade0c3f6afba212) Importer(815301076,1909f56bfc062723c751e8b465ee728b)
Start importing Assets/Scenes/LockerRoom.unity using Guid(f905c7f9ca4f34ab5ade0c3f6afba212) Importer(815301076,1909f56bfc062723c751e8b465ee728b)  -> (artifact id: '0ca1811ff0f3a5b938d9b4271a34c6d3') in 0.001796 seconds
  Import took 0.004837 seconds .

========================================================================
Received Prepare
Shader 'Galactic Sudios/Ultra Emissive Particles': fallback shader 'ParticleAdditive' not found
Refreshing native plugins compatible for Editor in 0.54 ms, found 1 plugins.
Preloading 0 native plugins for Editor in 0.00 ms.
Unloading 3 Unused Serialized files (Serialized files now loaded: 0)
System memory in use before: 100.6 MB.
System memory in use after: 100.7 MB.

Unloading 2 unused Assets to reduce memory usage. Loaded Objects now: 1704.
Total: 1.797446 ms (FindLiveObjects: 0.174867 ms CreateObjectMapping: 0.040091 ms MarkObjects: 1.566450 ms  DeleteObjects: 0.014490 ms)

========================================================================
Received Prepare
Shader 'Galactic Sudios/Ultra Emissive Particles': fallback shader 'ParticleAdditive' not found
Refreshing native plugins compatible for Editor in 0.49 ms, found 1 plugins.
Preloading 0 native plugins for Editor in 0.00 ms.
Unloading 3 Unused Serialized files (Serialized files now loaded: 0)
System memory in use before: 100.7 MB.
System memory in use after: 100.8 MB.

Unloading 2 unused Assets to reduce memory usage. Loaded Objects now: 1704.
Total: 1.803284 ms (FindLiveObjects: 0.215112 ms CreateObjectMapping: 0.043857 ms MarkObjects: 1.497180 ms  DeleteObjects: 0.042462 ms)

========================================================================
Received Prepare
Shader 'Galactic Sudios/Ultra Emissive Particles': fallback shader 'ParticleAdditive' not found
Refreshing native plugins compatible for Editor in 0.49 ms, found 1 plugins.
Preloading 0 native plugins for Editor in 0.00 ms.
Unloading 3 Unused Serialized files (Serialized files now loaded: 0)
System memory in use before: 100.7 MB.
System memory in use after: 100.8 MB.

Unloading 2 unused Assets to reduce memory usage. Loaded Objects now: 1704.
Total: 1.793105 ms (FindLiveObjects: 0.178999 ms CreateObjectMapping: 0.068581 ms MarkObjects: 1.527643 ms  DeleteObjects: 0.016118 ms)

========================================================================
Received Prepare
Registering precompiled user dll's ...
Registered in 0.000407 seconds.
Begin MonoManager ReloadAssembly
Native extension for Lumin target not found
Native extension for LinuxStandalone target not found
Native extension for WindowsStandalone target not found
Native extension for OSXStandalone target not found
Native extension for WebGL target not found
Refreshing native plugins compatible for Editor in 0.25 ms, found 1 plugins.
Preloading 0 native plugins for Editor in 0.00 ms.
Invoked RoslynAnalysisRunner static constructor.
RoslynAnalysisRunner will not be running.
RoslynAnalysisRunner has terminated.
Mono: successfully reloaded assembly
- Completed reload, in  0.924 seconds
Platform modules already initialized, skipping
Shader 'Galactic Sudios/Ultra Emissive Particles': fallback shader 'ParticleAdditive' not found
Refreshing native plugins compatible for Editor in 0.27 ms, found 1 plugins.
Preloading 0 native plugins for Editor in 0.00 ms.
Unloading 1239 Unused Serialized files (Serialized files now loaded: 0)
System memory in use before: 126.3 MB.
System memory in use after: 126.3 MB.

Unloading 5 unused Assets to reduce memory usage. Loaded Objects now: 1707.
Total: 2.083837 ms (FindLiveObjects: 0.190252 ms CreateObjectMapping: 0.058022 ms MarkObjects: 1.805099 ms  DeleteObjects: 0.029139 ms)

========================================================================
Received Import Request.
  Time since last request: 437.064255 seconds.
  path: Assets/Scenes/Stadium.unity
  artifactKey: Guid(9fc0d4010bbf28b4594072e72b8655ab) Importer(815301076,1909f56bfc062723c751e8b465ee728b)
Start importing Assets/Scenes/Stadium.unity using Guid(9fc0d4010bbf28b4594072e72b8655ab) Importer(815301076,1909f56bfc062723c751e8b465ee728b)  -> (artifact id: 'a172197f89cd54118587620927bdb3c8') in 0.015629 seconds
  Import took 0.018588 seconds .

========================================================================
Received Prepare
Registering precompiled user dll's ...
Registered in 0.000415 seconds.
Begin MonoManager ReloadAssembly
Native extension for Lumin target not found
Native extension for LinuxStandalone target not found
Native extension for WindowsStandalone target not found
Native extension for OSXStandalone target not found
Native extension for WebGL target not found
Refreshing native plugins compatible for Editor in 0.25 ms, found 1 plugins.
Preloading 0 native plugins for Editor in 0.00 ms.
Invoked RoslynAnalysisRunner static constructor.
RoslynAnalysisRunner will not be running.
RoslynAnalysisRunner has terminated.
Mono: successfully reloaded assembly
- Completed reload, in  0.910 seconds
Platform modules already initialized, skipping
Shader 'Galactic Sudios/Ultra Emissive Particles': fallback shader 'ParticleAdditive' not found
Refreshing native plugins compatible for Editor in 0.31 ms, found 1 plugins.
Preloading 0 native plugins for Editor in 0.00 ms.
Unloading 1238 Unused Serialized files (Serialized files now loaded: 0)
System memory in use before: 126.6 MB.
System memory in use after: 126.7 MB.

Unloading 5 unused Assets to reduce memory usage. Loaded Objects now: 1709.
Total: 2.098995 ms (FindLiveObjects: 0.200364 ms CreateObjectMapping: 0.045468 ms MarkObjects: 1.822306 ms  DeleteObjects: 0.028582 ms)

========================================================================
Received Import Request.
  Time since last request: 135.478626 seconds.
  path: Assets/Scenes/MainMenu.unity
  artifactKey: Guid(90dcc4af5da9842f1a4b77ee44bc618f) Importer(815301076,1909f56bfc062723c751e8b465ee728b)
Start importing Assets/Scenes/MainMenu.unity using Guid(90dcc4af5da9842f1a4b77ee44bc618f) Importer(815301076,1909f56bfc062723c751e8b465ee728b)  -> (artifact id: '4d07148b2b5e614f43b40d7b7382f309') in 0.013250 seconds
  Import took 0.015797 seconds .

========================================================================
Received Import Request.
  Time since last request: 0.759923 seconds.
  path: Assets/Scenes/LockerRoom.unity
  artifactKey: Guid(f905c7f9ca4f34ab5ade0c3f6afba212) Importer(815301076,1909f56bfc062723c751e8b465ee728b)
Start importing Assets/Scenes/LockerRoom.unity using Guid(f905c7f9ca4f34ab5ade0c3f6afba212) Importer(815301076,1909f56bfc062723c751e8b465ee728b)  -> (artifact id: '6d353fe929dfe2947808660b64a634b4') in 0.002246 seconds
  Import took 0.006238 seconds .

========================================================================
Received Prepare
Registering precompiled user dll's ...
Registered in 0.000416 seconds.
Begin MonoManager ReloadAssembly
Native extension for Lumin target not found
Native extension for LinuxStandalone target not found
Native extension for WindowsStandalone target not found
Native extension for OSXStandalone target not found
Native extension for WebGL target not found
Refreshing native plugins compatible for Editor in 0.22 ms, found 1 plugins.
Preloading 0 native plugins for Editor in 0.00 ms.
Invoked RoslynAnalysisRunner static constructor.
RoslynAnalysisRunner will not be running.
RoslynAnalysisRunner has terminated.
Mono: successfully reloaded assembly
- Completed reload, in  0.926 seconds
Platform modules already initialized, skipping
Shader 'Galactic Sudios/Ultra Emissive Particles': fallback shader 'ParticleAdditive' not found
Refreshing native plugins compatible for Editor in 0.26 ms, found 1 plugins.
Preloading 0 native plugins for Editor in 0.00 ms.
Unloading 1238 Unused Serialized files (Serialized files now loaded: 0)
System memory in use before: 126.7 MB.
System memory in use after: 126.8 MB.

Unloading 5 unused Assets to reduce memory usage. Loaded Objects now: 1711.
Total: 1.490794 ms (FindLiveObjects: 0.140763 ms CreateObjectMapping: 0.044339 ms MarkObjects: 1.290578 ms  DeleteObjects: 0.014212 ms)

========================================================================
Received Prepare
Registering precompiled user dll's ...
Registered in 0.000562 seconds.
Begin MonoManager ReloadAssembly
Native extension for Lumin target not found
Native extension for LinuxStandalone target not found
Native extension for WindowsStandalone target not found
Native extension for OSXStandalone target not found
Native extension for WebGL target not found
Refreshing native plugins compatible for Editor in 0.25 ms, found 1 plugins.
Preloading 0 native plugins for Editor in 0.00 ms.
Invoked RoslynAnalysisRunner static constructor.
RoslynAnalysisRunner will not be running.
RoslynAnalysisRunner has terminated.
Mono: successfully reloaded assembly
- Completed reload, in  0.937 seconds
Platform modules already initialized, skipping
Shader 'Galactic Sudios/Ultra Emissive Particles': fallback shader 'ParticleAdditive' not found
Refreshing native plugins compatible for Editor in 0.21 ms, found 1 plugins.
Preloading 0 native plugins for Editor in 0.00 ms.
Unloading 1238 Unused Serialized files (Serialized files now loaded: 0)
System memory in use before: 126.9 MB.
System memory in use after: 127.0 MB.

Unloading 5 unused Assets to reduce memory usage. Loaded Objects now: 1713.
Total: 1.757390 ms (FindLiveObjects: 0.207053 ms CreateObjectMapping: 0.058182 ms MarkObjects: 1.460271 ms  DeleteObjects: 0.030448 ms)

AssetImportWorkerClient::OnTransportError - code=2 error=End of file
